<?xml version="1.0" encoding="UTF-8"?>
<!-- Generated by org.testng.reporters.JUnitReportReporter -->
<testsuite hostname="gfgfg" name="org.jclouds.grandcloud.storage.v1.features.BucketApiExpectTest" tests="1" failures="1" timestamp="17 Jul 2013 03:11:20 GMT" time="128.907" errors="0">
  <testcase name="testGetBucket" time="128.907" classname="org.jclouds.grandcloud.storage.v1.features.BucketApiExpectTest">
    <failure type="org.jclouds.http.HttpResponseException" message="command: GET http://storage-huabei-1.sdcloud.cn/coopis HTTP/1.1 failed with response: HTTP/1.1 500 no response configured for request; content: [
the following request is not configured:
----------------------------------------
GET http://storage-huabei-1.sdcloud.cn/coopis HTTP/1.1
Date: Wed, 17 Jul 2013 03:11:20 GMT
Authorization: SNDA 2CKMD2SOZT0CC1INGWA4A0XC8:1ytRHF5Rl4Nbqm7nHbKGZWaarPs=

----------------------------------------
configured requests:
----------------------------------------
GET http://storage-huabei-1.sdcloud.cn/coopis HTTP/1.1
Date: Wed, 01 May 2013 15:48:12 GMT
Authorization: SNDA 2CKMD2SOZT0CC1INGWA4A0XC8:ggenoQzPeLbIBaUbNfEZ3lE0t6g=

]">
      <![CDATA[org.jclouds.http.HttpResponseException: command: GET http://storage-huabei-1.sdcloud.cn/coopis HTTP/1.1 failed with response: HTTP/1.1 500 no response configured for request; content: [
the following request is not configured:
----------------------------------------
GET http://storage-huabei-1.sdcloud.cn/coopis HTTP/1.1
Date: Wed, 17 Jul 2013 03:11:20 GMT
Authorization: SNDA 2CKMD2SOZT0CC1INGWA4A0XC8:1ytRHF5Rl4Nbqm7nHbKGZWaarPs=

----------------------------------------
configured requests:
----------------------------------------
GET http://storage-huabei-1.sdcloud.cn/coopis HTTP/1.1
Date: Wed, 01 May 2013 15:48:12 GMT
Authorization: SNDA 2CKMD2SOZT0CC1INGWA4A0XC8:ggenoQzPeLbIBaUbNfEZ3lE0t6g=

]
	at org.jclouds.grandcloud.storage.v1.handlers.StorageErrorHandler.handleError(StorageErrorHandler.java:47)
	at org.jclouds.http.handlers.DelegatingErrorHandler.handleError(DelegatingErrorHandler.java:71)
	at org.jclouds.http.internal.BaseHttpCommandExecutorService.shouldContinue(BaseHttpCommandExecutorService.java:182)
	at org.jclouds.http.internal.BaseHttpCommandExecutorService.invoke(BaseHttpCommandExecutorService.java:152)
	at org.jclouds.rest.internal.InvokeHttpMethod.invoke(InvokeHttpMethod.java:97)
	at org.jclouds.rest.internal.InvokeHttpMethod.apply(InvokeHttpMethod.java:80)
	at org.jclouds.rest.internal.InvokeHttpMethod.apply(InvokeHttpMethod.java:51)
	at org.jclouds.reflect.FunctionalReflection$FunctionalInvocationHandler.handleInvocation(FunctionalReflection.java:119)
	at com.google.common.reflect.AbstractInvocationHandler.invoke(AbstractInvocationHandler.java:70)
	at com.sun.proxy.$Proxy51.get(Unknown Source)
	at org.jclouds.grandcloud.storage.v1.features.BucketApiExpectTest.testGetBucket(BucketApiExpectTest.java:88)
	at sun.reflect.NativeMethodAccessorImpl.invoke0(Native Method)
	at sun.reflect.NativeMethodAccessorImpl.invoke(NativeMethodAccessorImpl.java:57)
	at sun.reflect.DelegatingMethodAccessorImpl.invoke(DelegatingMethodAccessorImpl.java:43)
	at java.lang.reflect.Method.invoke(Method.java:606)
	at org.testng.internal.MethodInvocationHelper.invokeMethod(MethodInvocationHelper.java:84)
	at org.testng.internal.Invoker.invokeMethod(Invoker.java:714)
	at org.testng.internal.Invoker.invokeTestMethod(Invoker.java:901)
	at org.testng.internal.Invoker.invokeTestMethods(Invoker.java:1231)
	at org.testng.internal.TestMethodWorker.invokeTestMethods(TestMethodWorker.java:127)
	at org.testng.internal.TestMethodWorker.run(TestMethodWorker.java:111)
	at org.testng.TestRunner.privateRun(TestRunner.java:767)
	at org.testng.TestRunner.run(TestRunner.java:617)
	at org.testng.SuiteRunner.runTest(SuiteRunner.java:335)
	at org.testng.SuiteRunner.runSequentially(SuiteRunner.java:330)
	at org.testng.SuiteRunner.privateRun(SuiteRunner.java:291)
	at org.testng.SuiteRunner.run(SuiteRunner.java:240)
	at org.testng.SuiteRunnerWorker.runSuite(SuiteRunnerWorker.java:52)
	at org.testng.SuiteRunnerWorker.run(SuiteRunnerWorker.java:86)
	at org.testng.TestNG.runSuitesSequentially(TestNG.java:1224)
	at org.testng.TestNG.runSuitesLocally(TestNG.java:1149)
	at org.testng.TestNG.run(TestNG.java:1057)
	at org.testng.remote.RemoteTestNG.run(RemoteTestNG.java:111)
	at org.testng.remote.RemoteTestNG.initAndRun(RemoteTestNG.java:204)
	at org.testng.remote.RemoteTestNG.main(RemoteTestNG.java:175)
]]>
    </failure>
  </testcase> <!-- testGetBucket -->
</testsuite> <!-- org.jclouds.grandcloud.storage.v1.features.BucketApiExpectTest -->
