<?xml version="1.0" encoding="UTF-8"?>
<!-- Generated by org.testng.reporters.JUnitReportReporter -->
<testsuite hostname="gfgfg" name="org.jclouds.grandcloud.storage.v1.features.BucketApiLiveTest" tests="1" failures="0" timestamp="23 Aug 2013 06:25:37 GMT" time="0.670" errors="0">
  <testcase name="AllTest" time="0.670" classname="org.jclouds.grandcloud.storage.v1.features.BucketApiLiveTest"/>
</testsuite> <!-- org.jclouds.grandcloud.storage.v1.features.BucketApiLiveTest -->
